[2026-05-10T01:11:40Z DEBUG ignore::gitignore] opened gitignore file: /Users/rotmistr/workplace/kairn/.gitignore
[2026-05-10T01:11:40Z DEBUG globset] glob `Glob("**/*~")` converted to regex: `"(?-u)^(?:/?|.*/)[^/]*\\~$"`
[2026-05-10T01:11:40Z DEBUG globset] built glob set; 1 literals, 5 basenames, 2 extensions, 0 prefixes, 0 suffixes, 0 required extensions, 1 regexes
[2026-05-10T01:11:40Z DEBUG ignore::gitignore] opened gitignore file: /Users/rotmistr/workplace/kairn/.git/info/exclude
[2026-05-10T01:11:40Z DEBUG ignore::walk] ignoring /Users/rotmistr/workplace/kairn/.git: Ignore(IgnoreMatch(Hidden))
[2026-05-10T01:11:40Z DEBUG ignore::walk] ignoring /Users/rotmistr/workplace/kairn/.gitignore: Ignore(IgnoreMatch(Hidden))
[2026-05-10T01:11:40Z DEBUG ignore::walk] ignoring /Users/rotmistr/workplace/kairn/.idea: Ignore(IgnoreMatch(Gitignore(Glob { from: Some("/Users/rotmistr/workplace/kairn/.gitignore"), original: ".idea/", actual: "**/.idea", is_whitelist: false, is_only_dir: true })))
[2026-05-10T01:11:40Z DEBUG ignore::gitignore] opened gitignore file: /Users/rotmistr/workplace/kairn/.idea/.gitignore
[2026-05-10T01:11:40Z DEBUG globset] built glob set; 6 literals, 0 basenames, 0 extensions, 0 prefixes, 0 suffixes, 0 required extensions, 0 regexes
[2026-05-10T01:11:40Z DEBUG ignore::walk] ignoring /Users/rotmistr/workplace/kairn/.kairn.log: Ignore(IgnoreMatch(Hidden))
[2026-05-10T01:11:40Z DEBUG ignore::walk] ignoring /Users/rotmistr/workplace/kairn/.kairn.state: Ignore(IgnoreMatch(Gitignore(Glob { from: Some("/Users/rotmistr/workplace/kairn/.gitignore"), original: ".kairn.state", actual: "**/.kairn.state", is_whitelist: false, is_only_dir: false })))
[2026-05-10T01:11:40Z DEBUG ignore::walk] ignoring /Users/rotmistr/workplace/kairn/target: Ignore(IgnoreMatch(Gitignore(Glob { from: Some("/Users/rotmistr/workplace/kairn/.gitignore"), original: "/target", actual: "target", is_whitelist: false, is_only_dir: false })))
[2026-05-10T01:11:41Z DEBUG ignore::gitignore] opened gitignore file: /Users/rotmistr/workplace/kairn/.gitignore
[2026-05-10T01:11:41Z DEBUG globset] glob `Glob("**/*~")` converted to regex: `"(?-u)^(?:/?|.*/)[^/]*\\~$"`
[2026-05-10T01:11:41Z DEBUG globset] built glob set; 1 literals, 5 basenames, 2 extensions, 0 prefixes, 0 suffixes, 0 required extensions, 1 regexes
[2026-05-10T01:11:41Z DEBUG ignore::gitignore] opened gitignore file: /Users/rotmistr/workplace/kairn/.git/info/exclude
[2026-05-10T01:11:43Z DEBUG txv_core::program] Program: command 100
[2026-05-10T01:12:19Z DEBUG txv_core::program] Program: command 131
[2026-05-10T01:12:19Z DEBUG kairn::handler] execute_command: "e Makefile"
[2026-05-10T01:12:26Z DEBUG txv_core::program] Program: command 116
[2026-05-10T01:12:27Z DEBUG txv_core::program] Program: command 116
[2026-05-10T01:12:27Z DEBUG txv_core::program] Program: command 116
[2026-05-10T01:12:28Z DEBUG txv_core::program] Program: command 116
[2026-05-10T01:12:29Z DEBUG txv_core::program] Program: command 116
[2026-05-10T01:12:29Z DEBUG txv_core::program] Program: command 116
[2026-05-10T01:12:30Z DEBUG txv_core::program] Program: command 116
[2026-05-10T01:12:31Z DEBUG txv_core::program] Program: command 116
